<?xml version="1.0" encoding="UTF-8"?>
<testng-results skipped="0" failed="0" total="2" passed="2">
  <reporter-output>
  </reporter-output>
  <suite name="Command line suite" duration-ms="3401" started-at="2019-01-29T18:22:26Z" finished-at="2019-01-29T18:22:29Z">
    <groups>
      <group name="APITest">
        <method signature="SwApiTest.swPlanetsAllTest()[pri:0, instance:com.sw.api.swapi.SwApiTest@1e67b872]" name="swPlanetsAllTest" class="com.sw.api.swapi.SwApiTest"/>
        <method signature="SwApiTest.swPlanetsWithId()[pri:0, instance:com.sw.api.swapi.SwApiTest@1e67b872]" name="swPlanetsWithId" class="com.sw.api.swapi.SwApiTest"/>
      </group> <!-- APITest -->
    </groups>
    <test name="Command line test" duration-ms="3401" started-at="2019-01-29T18:22:26Z" finished-at="2019-01-29T18:22:29Z">
      <class name="com.sw.api.swapi.SwApiTest">
        <test-method status="PASS" signature="setUp()[pri:0, instance:com.sw.api.swapi.SwApiTest@1e67b872]" name="setUp" is-config="true" duration-ms="244" started-at="2019-01-29T12:22:26Z" finished-at="2019-01-29T12:22:26Z">
          <reporter-output>
          </reporter-output>
        </test-method> <!-- setUp -->
        <test-method status="PASS" signature="swPlanetsAllTest()[pri:0, instance:com.sw.api.swapi.SwApiTest@1e67b872]" name="swPlanetsAllTest" duration-ms="2725" started-at="2019-01-29T12:22:26Z" finished-at="2019-01-29T12:22:29Z">
          <reporter-output>
          </reporter-output>
        </test-method> <!-- swPlanetsAllTest -->
        <test-method status="PASS" signature="setUp()[pri:0, instance:com.sw.api.swapi.SwApiTest@1e67b872]" name="setUp" is-config="true" duration-ms="71" started-at="2019-01-29T12:22:29Z" finished-at="2019-01-29T12:22:29Z">
          <reporter-output>
          </reporter-output>
        </test-method> <!-- setUp -->
        <test-method status="PASS" signature="swPlanetsWithId()[pri:0, instance:com.sw.api.swapi.SwApiTest@1e67b872]" name="swPlanetsWithId" duration-ms="361" started-at="2019-01-29T12:22:29Z" finished-at="2019-01-29T12:22:29Z">
          <reporter-output>
          </reporter-output>
        </test-method> <!-- swPlanetsWithId -->
      </class> <!-- com.sw.api.swapi.SwApiTest -->
    </test> <!-- Command line test -->
  </suite> <!-- Command line suite -->
</testng-results>
