<?xml version="1.0" encoding="UTF-8"?>
<testng-results skipped="0" failed="0" total="1" passed="1">
  <reporter-output>
  </reporter-output>
  <suite name="Command line suite" duration-ms="0" started-at="2019-01-29T18:22:29Z" finished-at="2019-01-29T18:22:29Z">
    <groups>
    </groups>
    <test name="Command line test" duration-ms="0" started-at="2019-01-29T18:22:29Z" finished-at="2019-01-29T18:22:29Z">
      <class name="com.sw.api.swapi.AppTest">
        <test-method status="PASS" signature="testApp()[pri:0, instance:testApp(com.sw.api.swapi.AppTest)]" name="testApp" duration-ms="0" started-at="2019-01-29T12:22:29Z" finished-at="2019-01-29T12:22:29Z">
          <reporter-output>
          </reporter-output>
        </test-method> <!-- testApp -->
      </class> <!-- com.sw.api.swapi.AppTest -->
    </test> <!-- Command line test -->
  </suite> <!-- Command line suite -->
</testng-results>
