<?xml version="1.0" encoding="UTF-8"?>
<testng-results skipped="0" failed="0" ignored="0" total="2" passed="2">
  <reporter-output>
  </reporter-output>
  <suite name="Suite" duration-ms="4724" started-at="2019-01-29T19:46:00Z" finished-at="2019-01-29T19:46:04Z">
    <groups>
      <group name="APITest">
        <method signature="SwApiTest.swPlanetsAllTest()[pri:0, instance:com.sw.api.swapi.SwApiTest@3fee9989]" name="swPlanetsAllTest" class="com.sw.api.swapi.SwApiTest"/>
        <method signature="SwApiTest.swPlanetsWithId()[pri:0, instance:com.sw.api.swapi.SwApiTest@3fee9989]" name="swPlanetsWithId" class="com.sw.api.swapi.SwApiTest"/>
      </group> <!-- APITest -->
    </groups>
    <test name="Test" duration-ms="4724" started-at="2019-01-29T19:46:00Z" finished-at="2019-01-29T19:46:04Z">
      <class name="com.sw.api.swapi.SwApiTest">
        <test-method status="PASS" signature="setUp(java.lang.reflect.Method)[pri:0, instance:com.sw.api.swapi.SwApiTest@3fee9989]" name="setUp" is-config="true" duration-ms="600" started-at="2019-01-29T19:46:00Z" finished-at="2019-01-29T19:46:00Z">
          <params>
            <param index="0">
              <value>
                <![CDATA[public void com.sw.api.swapi.SwApiTest.swPlanetsAllTest() throws java.lang.Exception]]>
              </value>
            </param>
          </params>
          <reporter-output>
          </reporter-output>
        </test-method> <!-- setUp -->
        <test-method status="PASS" signature="swPlanetsAllTest()[pri:0, instance:com.sw.api.swapi.SwApiTest@3fee9989]" name="swPlanetsAllTest" duration-ms="2663" started-at="2019-01-29T19:46:00Z" finished-at="2019-01-29T19:46:03Z">
          <reporter-output>
          </reporter-output>
        </test-method> <!-- swPlanetsAllTest -->
        <test-method status="PASS" signature="setUp(java.lang.reflect.Method)[pri:0, instance:com.sw.api.swapi.SwApiTest@3fee9989]" name="setUp" is-config="true" duration-ms="102" started-at="2019-01-29T19:46:03Z" finished-at="2019-01-29T19:46:03Z">
          <params>
            <param index="0">
              <value>
                <![CDATA[public void com.sw.api.swapi.SwApiTest.swPlanetsWithId() throws java.lang.Exception]]>
              </value>
            </param>
          </params>
          <reporter-output>
          </reporter-output>
        </test-method> <!-- setUp -->
        <test-method status="PASS" signature="swPlanetsWithId()[pri:0, instance:com.sw.api.swapi.SwApiTest@3fee9989]" name="swPlanetsWithId" duration-ms="1315" started-at="2019-01-29T19:46:03Z" finished-at="2019-01-29T19:46:04Z">
          <reporter-output>
          </reporter-output>
        </test-method> <!-- swPlanetsWithId -->
      </class> <!-- com.sw.api.swapi.SwApiTest -->
    </test> <!-- Test -->
  </suite> <!-- Suite -->
</testng-results>
